9 Jan 10:09:40 - [655] reading config file: ./config/config.js
9 Jan 10:09:40 - server is up INFO
Flushing stats at  Tue Jan 09 2024 10:19:40 GMT+0000 (Coordinated Universal Time)
{
  counters: {
    'statsd.bad_lines_seen': 0,
    'statsd.packets_received': 0,
    'statsd.metrics_received': 0
  },
  timers: {},
  gauges: {},
  timer_data: {},
  counter_rates: {
    'statsd.bad_lines_seen': 0,
    'statsd.packets_received': 0,
    'statsd.metrics_received': 0
  },
  sets: {},
  pctThreshold: [ 90 ]
}
9 Jan 10:26:16 - [593] reading config file: ./config/config.js
9 Jan 10:26:16 - server is up INFO
Flushing stats at  Tue Jan 09 2024 10:36:16 GMT+0000 (Coordinated Universal Time)
{
  counters: {
    'statsd.bad_lines_seen': 0,
    'statsd.packets_received': 0,
    'statsd.metrics_received': 0
  },
  timers: {},
  gauges: {},
  timer_data: {},
  counter_rates: {
    'statsd.bad_lines_seen': 0,
    'statsd.packets_received': 0,
    'statsd.metrics_received': 0
  },
  sets: {},
  pctThreshold: [ 90 ]
}
Flushing stats at  Tue Jan 09 2024 10:46:16 GMT+0000 (Coordinated Universal Time)
{
  counters: {
    'statsd.bad_lines_seen': 0,
    'statsd.packets_received': 0,
    'statsd.metrics_received': 0
  },
  timers: {},
  gauges: { 'statsd.timestamp_lag': 0 },
  timer_data: {},
  counter_rates: {
    'statsd.bad_lines_seen': 0,
    'statsd.packets_received': 0,
    'statsd.metrics_received': 0
  },
  sets: {},
  pctThreshold: [ 90 ]
}
Flushing stats at  Tue Jan 09 2024 10:56:16 GMT+0000 (Coordinated Universal Time)
{
  counters: {
    'statsd.bad_lines_seen': 0,
    'statsd.packets_received': 0,
    'statsd.metrics_received': 0
  },
  timers: {},
  gauges: { 'statsd.timestamp_lag': 0 },
  timer_data: {},
  counter_rates: {
    'statsd.bad_lines_seen': 0,
    'statsd.packets_received': 0,
    'statsd.metrics_received': 0
  },
  sets: {},
  pctThreshold: [ 90 ]
}
Flushing stats at  Tue Jan 09 2024 11:06:16 GMT+0000 (Coordinated Universal Time)
{
  counters: {
    'statsd.bad_lines_seen': 0,
    'statsd.packets_received': 0,
    'statsd.metrics_received': 0
  },
  timers: {},
  gauges: { 'statsd.timestamp_lag': 0 },
  timer_data: {},
  counter_rates: {
    'statsd.bad_lines_seen': 0,
    'statsd.packets_received': 0,
    'statsd.metrics_received': 0
  },
  sets: {},
  pctThreshold: [ 90 ]
}
Flushing stats at  Tue Jan 09 2024 11:16:16 GMT+0000 (Coordinated Universal Time)
{
  counters: {
    'statsd.bad_lines_seen': 0,
    'statsd.packets_received': 0,
    'statsd.metrics_received': 0
  },
  timers: {},
  gauges: { 'statsd.timestamp_lag': 0 },
  timer_data: {},
  counter_rates: {
    'statsd.bad_lines_seen': 0,
    'statsd.packets_received': 0,
    'statsd.metrics_received': 0
  },
  sets: {},
  pctThreshold: [ 90 ]
}
Flushing stats at  Tue Jan 09 2024 11:26:16 GMT+0000 (Coordinated Universal Time)
{
  counters: {
    'statsd.bad_lines_seen': 0,
    'statsd.packets_received': 0,
    'statsd.metrics_received': 0
  },
  timers: {},
  gauges: { 'statsd.timestamp_lag': 0 },
  timer_data: {},
  counter_rates: {
    'statsd.bad_lines_seen': 0,
    'statsd.packets_received': 0,
    'statsd.metrics_received': 0
  },
  sets: {},
  pctThreshold: [ 90 ]
}
Flushing stats at  Tue Jan 09 2024 12:48:57 GMT+0000 (Coordinated Universal Time)
{
  counters: {
    'statsd.bad_lines_seen': 0,
    'statsd.packets_received': 0,
    'statsd.metrics_received': 0
  },
  timers: {},
  gauges: { 'statsd.timestamp_lag': 4361 },
  timer_data: {},
  counter_rates: {
    'statsd.bad_lines_seen': 0,
    'statsd.packets_received': 0,
    'statsd.metrics_received': 0
  },
  sets: {},
  pctThreshold: [ 90 ]
}
9 Jan 12:53:08 - [592] reading config file: ./config/config.js
9 Jan 12:53:08 - server is up INFO
9 Jan 12:58:48 - [591] reading config file: ./config/config.js
9 Jan 12:58:48 - server is up INFO
9 Jan 13:01:54 - [594] reading config file: ./config/config.js
9 Jan 13:01:54 - server is up INFO
9 Jan 13:03:21 - [594] reading config file: ./config/config.js
9 Jan 13:03:21 - server is up INFO
Flushing stats at  Tue Jan 09 2024 13:13:21 GMT+0000 (Coordinated Universal Time)
{
  counters: {
    'statsd.bad_lines_seen': 0,
    'statsd.packets_received': 0,
    'statsd.metrics_received': 0
  },
  timers: {},
  gauges: {},
  timer_data: {},
  counter_rates: {
    'statsd.bad_lines_seen': 0,
    'statsd.packets_received': 0,
    'statsd.metrics_received': 0
  },
  sets: {},
  pctThreshold: [ 90 ]
}
Flushing stats at  Tue Jan 09 2024 13:23:21 GMT+0000 (Coordinated Universal Time)
{
  counters: {
    'statsd.bad_lines_seen': 0,
    'statsd.packets_received': 0,
    'statsd.metrics_received': 0
  },
  timers: {},
  gauges: { 'statsd.timestamp_lag': 0 },
  timer_data: {},
  counter_rates: {
    'statsd.bad_lines_seen': 0,
    'statsd.packets_received': 0,
    'statsd.metrics_received': 0
  },
  sets: {},
  pctThreshold: [ 90 ]
}
9 Jan 13:34:31 - [594] reading config file: ./config/config.js
9 Jan 13:34:31 - server is up INFO
Flushing stats at  Tue Jan 09 2024 13:47:51 GMT+0000 (Coordinated Universal Time)
{
  counters: {
    'statsd.bad_lines_seen': 0,
    'statsd.packets_received': 0,
    'statsd.metrics_received': 0
  },
  timers: {},
  gauges: {},
  timer_data: {},
  counter_rates: {
    'statsd.bad_lines_seen': 0,
    'statsd.packets_received': 0,
    'statsd.metrics_received': 0
  },
  sets: {},
  pctThreshold: [ 90 ]
}
Flushing stats at  Tue Jan 09 2024 13:54:32 GMT+0000 (Coordinated Universal Time)
{
  counters: {
    'statsd.bad_lines_seen': 0,
    'statsd.packets_received': 0,
    'statsd.metrics_received': 0
  },
  timers: {},
  gauges: { 'statsd.timestamp_lag': -199 },
  timer_data: {},
  counter_rates: {
    'statsd.bad_lines_seen': 0,
    'statsd.packets_received': 0,
    'statsd.metrics_received': 0
  },
  sets: {},
  pctThreshold: [ 90 ]
}
9 Jan 13:58:20 - [591] reading config file: ./config/config.js
9 Jan 13:58:20 - server is up INFO
Flushing stats at  Tue Jan 09 2024 14:08:20 GMT+0000 (Coordinated Universal Time)
{
  counters: {
    'statsd.bad_lines_seen': 0,
    'statsd.packets_received': 0,
    'statsd.metrics_received': 0
  },
  timers: {},
  gauges: {},
  timer_data: {},
  counter_rates: {
    'statsd.bad_lines_seen': 0,
    'statsd.packets_received': 0,
    'statsd.metrics_received': 0
  },
  sets: {},
  pctThreshold: [ 90 ]
}
9 Jan 14:15:06 - [593] reading config file: ./config/config.js
9 Jan 14:15:07 - server is up INFO
Flushing stats at  Tue Jan 09 2024 14:25:07 GMT+0000 (Coordinated Universal Time)
{
  counters: {
    'statsd.bad_lines_seen': 0,
    'statsd.packets_received': 0,
    'statsd.metrics_received': 0
  },
  timers: {},
  gauges: {},
  timer_data: {},
  counter_rates: {
    'statsd.bad_lines_seen': 0,
    'statsd.packets_received': 0,
    'statsd.metrics_received': 0
  },
  sets: {},
  pctThreshold: [ 90 ]
}
Flushing stats at  Tue Jan 09 2024 14:35:07 GMT+0000 (Coordinated Universal Time)
{
  counters: {
    'statsd.bad_lines_seen': 0,
    'statsd.packets_received': 0,
    'statsd.metrics_received': 0
  },
  timers: {},
  gauges: { 'statsd.timestamp_lag': 0 },
  timer_data: {},
  counter_rates: {
    'statsd.bad_lines_seen': 0,
    'statsd.packets_received': 0,
    'statsd.metrics_received': 0
  },
  sets: {},
  pctThreshold: [ 90 ]
}
Flushing stats at  Tue Jan 09 2024 14:56:24 GMT+0000 (Coordinated Universal Time)
{
  counters: {
    'statsd.bad_lines_seen': 0,
    'statsd.packets_received': 0,
    'statsd.metrics_received': 0
  },
  timers: {},
  gauges: { 'statsd.timestamp_lag': 677 },
  timer_data: {},
  counter_rates: {
    'statsd.bad_lines_seen': 0,
    'statsd.packets_received': 0,
    'statsd.metrics_received': 0
  },
  sets: {},
  pctThreshold: [ 90 ]
}
Flushing stats at  Tue Jan 09 2024 15:14:14 GMT+0000 (Coordinated Universal Time)
{
  counters: {
    'statsd.bad_lines_seen': 0,
    'statsd.packets_received': 0,
    'statsd.metrics_received': 0
  },
  timers: {},
  gauges: { 'statsd.timestamp_lag': 470 },
  timer_data: {},
  counter_rates: {
    'statsd.bad_lines_seen': 0,
    'statsd.packets_received': 0,
    'statsd.metrics_received': 0
  },
  sets: {},
  pctThreshold: [ 90 ]
}
Flushing stats at  Tue Jan 09 2024 15:15:07 GMT+0000 (Coordinated Universal Time)
{
  counters: {
    'statsd.bad_lines_seen': 0,
    'statsd.packets_received': 0,
    'statsd.metrics_received': 0
  },
  timers: {},
  gauges: { 'statsd.timestamp_lag': -547 },
  timer_data: {},
  counter_rates: {
    'statsd.bad_lines_seen': 0,
    'statsd.packets_received': 0,
    'statsd.metrics_received': 0
  },
  sets: {},
  pctThreshold: [ 90 ]
}
Flushing stats at  Tue Jan 09 2024 15:25:07 GMT+0000 (Coordinated Universal Time)
{
  counters: {
    'statsd.bad_lines_seen': 0,
    'statsd.packets_received': 0,
    'statsd.metrics_received': 0
  },
  timers: {},
  gauges: { 'statsd.timestamp_lag': 0 },
  timer_data: {},
  counter_rates: {
    'statsd.bad_lines_seen': 0,
    'statsd.packets_received': 0,
    'statsd.metrics_received': 0
  },
  sets: {},
  pctThreshold: [ 90 ]
}
